<?xml version="1.0" encoding="UTF-8"?>
<testsuite name="uk.brent.slater.lendinglibrary.repository.BookRepositoryTest" tests="7" skipped="0" failures="0" errors="0" timestamp="2023-11-12T21:41:55" hostname="BRENT_LAPTOP" time="1.001">
  <properties/>
  <testcase name="Successfully find book by author" classname="uk.brent.slater.lendinglibrary.repository.BookRepositoryTest" time="0.481"/>
  <testcase name="Fail to find book by title" classname="uk.brent.slater.lendinglibrary.repository.BookRepositoryTest" time="0.009"/>
  <testcase name="Fail to find book by author" classname="uk.brent.slater.lendinglibrary.repository.BookRepositoryTest" time="0.007"/>
  <testcase name="Successfully find book by isbn" classname="uk.brent.slater.lendinglibrary.repository.BookRepositoryTest" time="0.014"/>
  <testcase name="Successfully find book by title" classname="uk.brent.slater.lendinglibrary.repository.BookRepositoryTest" time="0.01"/>
  <testcase name="Fail to find book by isbn" classname="uk.brent.slater.lendinglibrary.repository.BookRepositoryTest" time="0.008"/>
  <testcase name="With one borrowed book and one not borrowed count returns 2 but countByIsBorrowed returns 1" classname="uk.brent.slater.lendinglibrary.repository.BookRepositoryTest" time="0.463"/>
  <system-out><![CDATA[2023-11-12T21:41:55.068Z  INFO 1052 --- [    Test worker] t.c.s.AnnotationConfigContextLoaderUtils : Could not detect default configuration classes for test class [uk.brent.slater.lendinglibrary.repository.BookRepositoryTest]: BookRepositoryTest does not declare any static, non-private, non-final, nested classes annotated with @Configuration.
2023-11-12T21:41:55.081Z  INFO 1052 --- [    Test worker] .b.t.c.SpringBootTestContextBootstrapper : Found @SpringBootConfiguration uk.brent.slater.lendinglibrary.LendinglibraryApplication for test class uk.brent.slater.lendinglibrary.repository.BookRepositoryTest

  .   ____          _            __ _ _
 /\\ / ___'_ __ _ _(_)_ __  __ _ \ \ \ \
( ( )\___ | '_ | '_| | '_ \/ _` | \ \ \ \
 \\/  ___)| |_)| | | | | || (_| |  ) ) ) )
  '  |____| .__|_| |_|_| |_\__, | / / / /
 =========|_|==============|___/=/_/_/_/
 :: Spring Boot ::                (v3.1.5)

2023-11-12T21:41:55.117Z  INFO 1052 --- [    Test worker] u.b.s.l.repository.BookRepositoryTest    : Starting BookRepositoryTest using Java 20.0.2.1 with PID 1052 (started by Brent in C:\Code\lending-library)
2023-11-12T21:41:55.117Z  INFO 1052 --- [    Test worker] u.b.s.l.repository.BookRepositoryTest    : No active profile set, falling back to 1 default profile: "default"
2023-11-12T21:41:55.210Z  INFO 1052 --- [    Test worker] .s.d.r.c.RepositoryConfigurationDelegate : Bootstrapping Spring Data JPA repositories in DEFAULT mode.
2023-11-12T21:41:55.224Z  INFO 1052 --- [    Test worker] .s.d.r.c.RepositoryConfigurationDelegate : Finished Spring Data repository scanning in 13 ms. Found 1 JPA repository interfaces.
2023-11-12T21:41:55.240Z  INFO 1052 --- [    Test worker] beddedDataSourceBeanFactoryPostProcessor : Replacing 'dataSource' DataSource bean with embedded version
2023-11-12T21:41:55.293Z  INFO 1052 --- [    Test worker] o.s.j.d.e.EmbeddedDatabaseFactory        : Starting embedded database: url='jdbc:h2:mem:cdb7dd2d-ffea-4299-99c5-f1c9a9964806;DB_CLOSE_DELAY=-1;DB_CLOSE_ON_EXIT=false', username='sa'
2023-11-12T21:41:55.358Z  INFO 1052 --- [    Test worker] o.hibernate.jpa.internal.util.LogHelper  : HHH000204: Processing PersistenceUnitInfo [name: default]
2023-11-12T21:41:55.390Z  INFO 1052 --- [    Test worker] o.s.o.j.p.SpringPersistenceUnitInfo      : No LoadTimeWeaver setup: ignoring JPA class transformer
2023-11-12T21:41:55.414Z  INFO 1052 --- [    Test worker] o.h.e.t.j.p.i.JtaPlatformInitiator       : HHH000489: No JTA platform available (set 'hibernate.transaction.jta.platform' to enable JTA platform integration)
Hibernate: drop table if exists book cascade 
Hibernate: create table book (is_borrowed boolean not null, is_reference boolean not null, author varchar(255), isbn varchar(255) not null, title varchar(255), primary key (isbn))
2023-11-12T21:41:55.417Z  INFO 1052 --- [    Test worker] j.LocalContainerEntityManagerFactoryBean : Initialized JPA EntityManagerFactory for persistence unit 'default'
2023-11-12T21:41:55.477Z  INFO 1052 --- [    Test worker] u.b.s.l.repository.BookRepositoryTest    : Started BookRepositoryTest in 0.391 seconds (process running for 13.649)
Hibernate: insert into book (author,is_borrowed,is_reference,title,isbn) values (?,?,?,?,?)
Hibernate: select b1_0.isbn,b1_0.author,b1_0.is_borrowed,b1_0.is_reference,b1_0.title from book b1_0 where upper(b1_0.author)=upper(?)
Hibernate: select b1_0.isbn,b1_0.author,b1_0.is_borrowed,b1_0.is_reference,b1_0.title from book b1_0 where upper(b1_0.author)=upper(?)
Hibernate: insert into book (author,is_borrowed,is_reference,title,isbn) values (?,?,?,?,?)
Hibernate: select b1_0.isbn,b1_0.author,b1_0.is_borrowed,b1_0.is_reference,b1_0.title from book b1_0 where upper(b1_0.author)=upper(?)
Hibernate: insert into book (author,is_borrowed,is_reference,title,isbn) values (?,?,?,?,?)
Hibernate: select b1_0.isbn,b1_0.author,b1_0.is_borrowed,b1_0.is_reference,b1_0.title from book b1_0 where upper(b1_0.author)=upper(?)
Hibernate: insert into book (author,is_borrowed,is_reference,title,isbn) values (?,?,?,?,?)
Hibernate: select b1_0.isbn,b1_0.author,b1_0.is_borrowed,b1_0.is_reference,b1_0.title from book b1_0 where b1_0.isbn=?
Hibernate: insert into book (author,is_borrowed,is_reference,title,isbn) values (?,?,?,?,?)
Hibernate: select b1_0.isbn,b1_0.author,b1_0.is_borrowed,b1_0.is_reference,b1_0.title from book b1_0 where upper(b1_0.title)=upper(?)
Hibernate: select b1_0.isbn,b1_0.author,b1_0.is_borrowed,b1_0.is_reference,b1_0.title from book b1_0 where upper(b1_0.title)=upper(?)
Hibernate: insert into book (author,is_borrowed,is_reference,title,isbn) values (?,?,?,?,?)
Hibernate: select b1_0.isbn,b1_0.author,b1_0.is_borrowed,b1_0.is_reference,b1_0.title from book b1_0 where b1_0.isbn=?
Hibernate: insert into book (author,is_borrowed,is_reference,title,isbn) values (?,?,?,?,?)
Hibernate: insert into book (author,is_borrowed,is_reference,title,isbn) values (?,?,?,?,?)
Hibernate: select count(*) from book b1_0
Hibernate: select count(b1_0.isbn) from book b1_0 where b1_0.is_borrowed
]]></system-out>
  <system-err><![CDATA[]]></system-err>
</testsuite>
