<?xml version="1.0" encoding="UTF-8"?>
<testsuite name="uk.brent.slater.lendinglibrary.service.OwnerServiceTest" tests="3" skipped="0" failures="0" errors="0" timestamp="2023-11-12T21:41:56" hostname="BRENT_LAPTOP" time="0.017">
  <properties/>
  <testcase name="Book with matching ISBN not already present so adds the book, calling save" classname="uk.brent.slater.lendinglibrary.service.OwnerServiceTest" time="0.009"/>
  <testcase name="getCountBorrowed()" classname="uk.brent.slater.lendinglibrary.service.OwnerServiceTest" time="0.002"/>
  <testcase name="Book with matching ISBN exists so exception" classname="uk.brent.slater.lendinglibrary.service.OwnerServiceTest" time="0.004"/>
  <system-out><![CDATA[]]></system-out>
  <system-err><![CDATA[]]></system-err>
</testsuite>
